<?xml version="1.0" encoding="UTF-8"?>
<!-- Generated by org.testng.reporters.JUnitReportReporter -->
<testsuite hostname="ZIN100-SR2888" failures="0" tests="1" name="zebraDomain.zebraDomain.TestCases.TC_login_001" time="2.280" errors="0" timestamp="2021-11-14T09:45:21 IST" skipped="0">
  <testcase classname="zebraDomain.zebraDomain.TestCases.TC_login_001" name="login" time="2.280"/>
  <system-out/>
</testsuite> <!-- zebraDomain.zebraDomain.TestCases.TC_login_001 -->
