<?xml version="1.0" encoding="UTF-8"?>
<!-- Generated by org.testng.reporters.JUnitReportReporter -->
<testsuite hostname="DESKTOP-IBKLNMT" failures="0" tests="1" name="MavenFrameWork.MavenFrameWork.LoginTC001" time="7.732" errors="0" timestamp="2022-06-29T10:51:38 IST" skipped="0">
  <testcase classname="MavenFrameWork.MavenFrameWork.LoginTC001" name="login" time="7.732"/>
  <system-out/>
</testsuite> <!-- MavenFrameWork.MavenFrameWork.LoginTC001 -->
