<?xml version="1.0" encoding="UTF-8"?>
<!-- Generated by org.testng.reporters.JUnitReportReporter -->
<testsuite hostname="DESKTOP-IBKLNMT" failures="0" tests="1" name="MavenFrameWork.MavenFrameWork.BaseClass" time="2.707" errors="0" timestamp="2022-06-28T17:51:22 IST" skipped="0">
  <testcase classname="MavenFrameWork.MavenFrameWork.BaseClass" name="verifyPageTitleTest" time="2.707"/>
  <system-out/>
</testsuite> <!-- MavenFrameWork.MavenFrameWork.BaseClass -->
